
> dental-mina@0.0.0 build
> tsc -b && vite build

src/App.tsx(1,27): error TS2307: Cannot find module './pwa/InstallBanner' or its corresponding type declarations.
src/App.tsx(4,56): error TS2307: Cannot find module 'react-router-dom' or its corresponding type declarations.
src/App.tsx(5,20): error TS2307: Cannot find module './components/TabBar' or its corresponding type declarations.
src/App.tsx(6,23): error TS2307: Cannot find module './pages/Dashboard' or its corresponding type declarations.
src/App.tsx(7,24): error TS2307: Cannot find module './pages/Scheduling' or its corresponding type declarations.
src/App.tsx(8,22): error TS2307: Cannot find module './pages/Patients' or its corresponding type declarations.
src/App.tsx(9,27): error TS2307: Cannot find module './pages/PatientDetail' or its corresponding type declarations.
src/App.tsx(10,21): error TS2307: Cannot find module './pages/Finance' or its corresponding type declarations.
src/App.tsx(11,19): error TS2307: Cannot find module './pages/Flags' or its corresponding type declarations.
src/App.tsx(12,27): error TS2307: Cannot find module './lib/flags' or its corresponding type declarations.
src/main.tsx(1,39): error TS2307: Cannot find module './pwa/register' or its corresponding type declarations.
